<?xml version="1.0" encoding="UTF-8"?>
<!-- Generated by org.testng.reporters.JUnitReportReporter -->
<testsuite hostname="DESKTOP-MS6SOQ6" name="EmailClickDemo" tests="1" failures="0" timestamp="18 Nov 2017 18:19:39 GMT" time="13.646" errors="0">
  <testcase name="clickEmail" time="13.646" classname="EmailClickDemo"/>
</testsuite> <!-- EmailClickDemo -->
